 Debug: start program
 input Read: N=18, Q=77
 Debug: Solving CVRP...
 Initial Routes (Knapsack): [[0, 14, 7, 8, 9, 15, 1, 12, 0], [0, 13, 11, 2, 0], [0, 6, 4, 0], [0, 3, 0], [0, 17, 0], [0, 5, 0], [0, 10, 0], [0, 16, 0]]
 After 3-Opt Optimization: [[0, 7, 14, 12, 8, 9, 15, 1, 0], [0, 13, 11, 2, 0], [0, 6, 4, 0], [0, 3, 0], [0, 17, 0], [0, 5, 0], [0, 10, 0], [0, 16, 0]]
 Debug: Starting Simulated Annealing...
Temp=1000.00, Best Distance=1024
Temp=995.00, Best Distance=1024
 Invalid swap! Route [0, 13, 4, 2, 0] (Demand 86) or Route [0, 6, 11, 0] (Demand 61) exceeds capacity 77
Temp=995.00, Best Distance=1024
Temp=990.02, Best Distance=957
Temp=985.07, Best Distance=957
Temp=980.15, Best Distance=957
Temp=975.25, Best Distance=957
Temp=970.37, Best Distance=957
Temp=965.52, Best Distance=957
Temp=960.69, Best Distance=957
Temp=955.89, Best Distance=957
Temp=951.11, Best Distance=957
Temp=946.35, Best Distance=957
Temp=941.62, Best Distance=957
Temp=936.91, Best Distance=957
Temp=932.23, Best Distance=957
Temp=927.57, Best Distance=957
Temp=922.93, Best Distance=957
Temp=918.32, Best Distance=957
Temp=913.72, Best Distance=957
Temp=909.16, Best Distance=957
Temp=904.61, Best Distance=957
Temp=900.09, Best Distance=957
Temp=895.59, Best Distance=957
Temp=891.11, Best Distance=957
Temp=886.65, Best Distance=957
Temp=882.22, Best Distance=957
Temp=877.81, Best Distance=957
 Invalid swap! Route [0, 7, 14, 12, 8, 9, 13, 1, 0] (Demand 74) or Route [0, 15, 4, 2, 0] (Demand 79) exceeds capacity 77
Temp=877.81, Best Distance=957
Temp=873.42, Best Distance=972
Temp=869.05, Best Distance=972
Temp=864.71, Best Distance=972
 Invalid swap! Route [0, 15, 4, 1, 0] (Demand 68) or Route [0, 7, 14, 12, 8, 9, 13, 2, 0] (Demand 85) exceeds capacity 77
Temp=864.71, Best Distance=972
Temp=860.38, Best Distance=1071
Temp=856.08, Best Distance=1071
Temp=851.80, Best Distance=1071
Temp=847.54, Best Distance=1071
Temp=843.31, Best Distance=1071
Temp=839.09, Best Distance=1071
Temp=834.89, Best Distance=1071
Temp=830.72, Best Distance=1071
Temp=826.57, Best Distance=1071
Temp=822.43, Best Distance=1071
Temp=818.32, Best Distance=1071
Temp=814.23, Best Distance=1071
Temp=810.16, Best Distance=1071
Temp=806.11, Best Distance=1071
Temp=802.08, Best Distance=1071
 Invalid swap! Route [0, 7, 14, 12, 8, 9, 13, 6, 0] (Demand 96) or Route [0, 2, 11, 0] (Demand 50) exceeds capacity 77
Temp=802.08, Best Distance=1071
Temp=798.07, Best Distance=980
Temp=794.08, Best Distance=980
Temp=790.10, Best Distance=980
Temp=786.15, Best Distance=980
 Invalid swap! Route [0, 15, 12, 1, 0] (Demand 47) or Route [0, 7, 14, 4, 8, 9, 13, 6, 0] (Demand 117) exceeds capacity 77
Temp=786.15, Best Distance=980
Temp=782.22, Best Distance=986
Temp=778.31, Best Distance=986
Temp=774.42, Best Distance=986
Temp=770.55, Best Distance=986
Temp=766.70, Best Distance=995
Temp=762.86, Best Distance=995
Temp=759.05, Best Distance=995
Temp=755.25, Best Distance=995
Temp=751.48, Best Distance=870
Temp=747.72, Best Distance=870
Temp=743.98, Best Distance=870
Temp=740.26, Best Distance=870
 Invalid swap! Route [0, 7, 14, 11, 8, 9, 13, 6, 0] (Demand 102) or Route [0, 4, 12, 2, 0] (Demand 83) exceeds capacity 77
Temp=740.26, Best Distance=870
Temp=736.56, Best Distance=932
Temp=732.88, Best Distance=932
Temp=729.21, Best Distance=932
Temp=725.57, Best Distance=932
Temp=721.94, Best Distance=932
Temp=718.33, Best Distance=932
Temp=714.74, Best Distance=932
Temp=711.16, Best Distance=932
 Invalid swap! Route [0, 1, 13, 0] (Demand 36) or Route [0, 7, 14, 11, 8, 9, 15, 6, 0] (Demand 95) exceeds capacity 77
Temp=711.16, Best Distance=932
Temp=707.61, Best Distance=931
Temp=704.07, Best Distance=931
Temp=700.55, Best Distance=931
Temp=697.05, Best Distance=931
Temp=693.56, Best Distance=931
Temp=690.09, Best Distance=931
Temp=686.64, Best Distance=931
 Invalid swap! Route [0, 7, 14, 11, 12, 9, 15, 6, 0] (Demand 110) or Route [0, 4, 8, 2, 0] (Demand 68) exceeds capacity 77
Temp=686.64, Best Distance=931
Temp=683.21, Best Distance=844
Temp=679.79, Best Distance=844
Temp=676.39, Best Distance=844
Temp=673.01, Best Distance=844
Temp=669.65, Best Distance=844
Temp=666.30, Best Distance=844
Temp=662.97, Best Distance=844
Temp=659.65, Best Distance=844
Temp=656.35, Best Distance=844
Temp=653.07, Best Distance=844
Temp=649.81, Best Distance=844
Temp=646.56, Best Distance=844
 Invalid swap! Route [0, 7, 14, 11, 12, 13, 15, 6, 0] (Demand 117) or Route [0, 1, 9, 0] (Demand 29) exceeds capacity 77
Temp=646.56, Best Distance=844
Temp=643.33, Best Distance=849
Temp=640.11, Best Distance=849
Temp=636.91, Best Distance=849
Temp=633.72, Best Distance=849
Temp=630.56, Best Distance=849
Temp=627.40, Best Distance=849
Temp=624.27, Best Distance=849
Temp=621.14, Best Distance=849
Temp=618.04, Best Distance=849
Temp=614.95, Best Distance=849
Temp=611.87, Best Distance=849
Temp=608.81, Best Distance=849
Temp=605.77, Best Distance=849
Temp=602.74, Best Distance=849
Temp=599.73, Best Distance=849
Temp=596.73, Best Distance=934
Temp=593.75, Best Distance=934
Temp=590.78, Best Distance=934
 Invalid swap! Route [0, 7, 14, 11, 4, 13, 15, 6, 0] (Demand 138) or Route [0, 12, 9, 0] (Demand 32) exceeds capacity 77
Temp=590.78, Best Distance=934
Temp=587.82, Best Distance=944
Temp=584.88, Best Distance=944
Temp=581.96, Best Distance=944
Temp=579.05, Best Distance=944
Temp=576.15, Best Distance=944
Temp=573.27, Best Distance=944
Temp=570.41, Best Distance=944
Temp=567.56, Best Distance=944
Temp=564.72, Best Distance=944
Temp=561.89, Best Distance=944
Temp=559.08, Best Distance=944
Temp=556.29, Best Distance=944
Temp=553.51, Best Distance=944
Temp=550.74, Best Distance=944
Temp=547.99, Best Distance=944
Temp=545.25, Best Distance=944
Temp=542.52, Best Distance=944
Temp=539.81, Best Distance=944
Temp=537.11, Best Distance=934
Temp=534.42, Best Distance=934
Temp=531.75, Best Distance=934
Temp=529.09, Best Distance=934
Temp=526.45, Best Distance=934
Temp=523.81, Best Distance=934
Temp=521.20, Best Distance=934
Temp=518.59, Best Distance=1017
 Invalid swap! Route [0, 9, 11, 2, 0] (Demand 64) or Route [0, 7, 14, 12, 4, 13, 15, 6, 0] (Demand 132) exceeds capacity 77
Temp=518.59, Best Distance=1017
Temp=516.00, Best Distance=1017
Temp=513.42, Best Distance=1017
Temp=510.85, Best Distance=1017
Temp=508.30, Best Distance=1017
 Invalid swap! Route [0, 7, 14, 1, 4, 13, 15, 6, 0] (Demand 129) or Route [0, 8, 12, 0] (Demand 21) exceeds capacity 77
Temp=508.30, Best Distance=1017
Temp=505.75, Best Distance=1038
 Invalid swap! Route [0, 13, 12, 0] (Demand 39) or Route [0, 7, 14, 1, 4, 8, 15, 6, 0] (Demand 111) exceeds capacity 77
Temp=505.75, Best Distance=1038
Temp=503.22, Best Distance=1039
Temp=500.71, Best Distance=1039
Temp=498.21, Best Distance=1039
Temp=495.71, Best Distance=1039
Temp=493.24, Best Distance=1039
Temp=490.77, Best Distance=1039
Temp=488.32, Best Distance=1039
Temp=485.87, Best Distance=1039
Temp=483.44, Best Distance=1039
Temp=481.03, Best Distance=1039
Temp=478.62, Best Distance=1039
Temp=476.23, Best Distance=1039
 Invalid swap! Route [0, 7, 12, 0] (Demand 20) or Route [0, 13, 14, 1, 4, 8, 15, 6, 0] (Demand 130) exceeds capacity 77
Temp=476.23, Best Distance=1039
Temp=473.85, Best Distance=1071
Temp=471.48, Best Distance=1071
Temp=469.12, Best Distance=1071
Temp=466.78, Best Distance=1071
Temp=464.44, Best Distance=1071
Temp=462.12, Best Distance=1071
Temp=459.81, Best Distance=1071
Temp=457.51, Best Distance=1071
Temp=455.22, Best Distance=1071
Temp=452.95, Best Distance=1071
 Invalid swap! Route [0, 7, 14, 0] (Demand 3) or Route [0, 13, 12, 1, 4, 8, 15, 6, 0] (Demand 147) exceeds capacity 77
Temp=452.95, Best Distance=1071
Temp=450.68, Best Distance=1002
Temp=448.43, Best Distance=1002
Temp=446.19, Best Distance=1002
Temp=443.96, Best Distance=1002
Temp=441.74, Best Distance=1002
Temp=439.53, Best Distance=1002
Temp=437.33, Best Distance=1002
Temp=435.14, Best Distance=1002
Temp=432.97, Best Distance=1131
Temp=430.80, Best Distance=1131
Temp=428.65, Best Distance=1131
 Invalid swap! Route [0, 13, 12, 1, 4, 8, 9, 6, 0] (Demand 147) or Route [0, 15, 14, 2, 0] (Demand 41) exceeds capacity 77
Temp=428.65, Best Distance=1131
Temp=426.50, Best Distance=1120
Temp=424.37, Best Distance=1120
Temp=422.25, Best Distance=1120
Temp=420.14, Best Distance=1120
Temp=418.04, Best Distance=1120
Temp=415.95, Best Distance=1120
Temp=413.87, Best Distance=1120
Temp=411.80, Best Distance=1120
Temp=409.74, Best Distance=1120
Temp=407.69, Best Distance=1120
Temp=405.65, Best Distance=1120
Temp=403.62, Best Distance=1120
Temp=401.61, Best Distance=1120
Temp=399.60, Best Distance=1120
Temp=397.60, Best Distance=1121
Temp=395.61, Best Distance=1121
Temp=393.63, Best Distance=1121
Temp=391.67, Best Distance=1121
Temp=389.71, Best Distance=1121
 Invalid swap! Route [0, 13, 14, 1, 4, 8, 9, 6, 0] (Demand 130) or Route [0, 12, 15, 0] (Demand 32) exceeds capacity 77
Temp=389.71, Best Distance=1121
Temp=387.76, Best Distance=1153
Temp=385.82, Best Distance=1153
Temp=383.89, Best Distance=1153
Temp=381.97, Best Distance=1153
Temp=380.06, Best Distance=1153
Temp=378.16, Best Distance=1153
Temp=376.27, Best Distance=1153
Temp=374.39, Best Distance=1153
 Invalid swap! Route [0, 12, 8, 0] (Demand 21) or Route [0, 13, 14, 1, 4, 15, 9, 6, 0] (Demand 141) exceeds capacity 77
Temp=374.39, Best Distance=1153
 Invalid swap! Route [0, 9, 8, 0] (Demand 17) or Route [0, 13, 14, 1, 4, 15, 12, 6, 0] (Demand 145) exceeds capacity 77
Temp=374.39, Best Distance=1153
Temp=372.52, Best Distance=1294
Temp=370.66, Best Distance=1294
Temp=368.80, Best Distance=1294
Temp=366.96, Best Distance=1294
Temp=365.12, Best Distance=1294
Temp=363.30, Best Distance=1294
Temp=361.48, Best Distance=1294
Temp=359.67, Best Distance=1294
Temp=357.88, Best Distance=1294
Temp=356.09, Best Distance=1294
Temp=354.31, Best Distance=1294
Temp=352.53, Best Distance=1294
Temp=350.77, Best Distance=1294
Temp=349.02, Best Distance=1294
Temp=347.27, Best Distance=1294
Temp=345.54, Best Distance=1294
Temp=343.81, Best Distance=1294
Temp=342.09, Best Distance=1294
Temp=340.38, Best Distance=1347
Temp=338.68, Best Distance=1347
Temp=336.98, Best Distance=1347
Temp=335.30, Best Distance=1347
Temp=333.62, Best Distance=1347
Temp=331.95, Best Distance=1347
Temp=330.29, Best Distance=1347
 Invalid swap! Route [0, 8, 14, 1, 4, 15, 12, 6, 0] (Demand 127) or Route [0, 13, 7, 2, 0] (Demand 49) exceeds capacity 77
Temp=330.29, Best Distance=1347
Temp=328.64, Best Distance=1347
Temp=327.00, Best Distance=1347
Temp=325.36, Best Distance=1347
Temp=323.74, Best Distance=1347
Temp=322.12, Best Distance=1347
Temp=320.51, Best Distance=1347
Temp=318.91, Best Distance=1347
Temp=317.31, Best Distance=1347
Temp=315.72, Best Distance=1365
Temp=314.15, Best Distance=1365
Temp=312.58, Best Distance=1365
Temp=311.01, Best Distance=1365
Temp=309.46, Best Distance=1365
Temp=307.91, Best Distance=1365
 Invalid swap! Route [0, 8, 14, 2, 4, 15, 12, 6, 0] (Demand 138) or Route [0, 9, 7, 1, 0] (Demand 31) exceeds capacity 77
Temp=307.91, Best Distance=1365
Temp=306.37, Best Distance=1289
Temp=304.84, Best Distance=1289
Temp=303.31, Best Distance=1289
Temp=301.80, Best Distance=1289
Temp=300.29, Best Distance=1289
Temp=298.79, Best Distance=1289
 Invalid swap! Route [0, 8, 14, 2, 4, 15, 11, 6, 0] (Demand 144) or Route [0, 13, 12, 0] (Demand 39) exceeds capacity 77
Temp=298.79, Best Distance=1289
Temp=297.29, Best Distance=1288
Temp=295.81, Best Distance=1288
Temp=294.33, Best Distance=1288
Temp=292.86, Best Distance=1235
Temp=291.39, Best Distance=1235
Temp=289.94, Best Distance=1235
Temp=288.49, Best Distance=1235
Temp=287.04, Best Distance=1235
Temp=285.61, Best Distance=1235
 Invalid swap! Route [0, 14, 12, 1, 0] (Demand 34) or Route [0, 8, 9, 2, 4, 15, 11, 6, 0] (Demand 157) exceeds capacity 77
Temp=285.61, Best Distance=1235
Temp=284.18, Best Distance=1075
Temp=282.76, Best Distance=1075
Temp=281.35, Best Distance=1075
Temp=279.94, Best Distance=1075
Temp=278.54, Best Distance=1075
Temp=277.15, Best Distance=1075
Temp=275.76, Best Distance=1075
Temp=274.38, Best Distance=1075
Temp=273.01, Best Distance=1075
Temp=271.64, Best Distance=1075
Temp=270.29, Best Distance=1075
Temp=268.93, Best Distance=1075
Temp=267.59, Best Distance=1075
Temp=266.25, Best Distance=1075
Temp=264.92, Best Distance=1075
Temp=263.60, Best Distance=1075
Temp=262.28, Best Distance=1084
Temp=260.97, Best Distance=1084
Temp=259.66, Best Distance=1084
Temp=258.36, Best Distance=1084
Temp=257.07, Best Distance=1084
Temp=255.79, Best Distance=1084
Temp=254.51, Best Distance=1084
Temp=253.24, Best Distance=1084
Temp=251.97, Best Distance=1071
Temp=250.71, Best Distance=1071
Temp=249.46, Best Distance=1071
Temp=248.21, Best Distance=1071
Temp=246.97, Best Distance=1071
 Invalid swap! Route [0, 8, 9, 2, 4, 15, 11, 1, 0] (Demand 135) or Route [0, 6, 12, 0] (Demand 55) exceeds capacity 77
Temp=246.97, Best Distance=1071
Temp=245.73, Best Distance=1070
Temp=244.50, Best Distance=1100
Temp=243.28, Best Distance=1100
Temp=242.06, Best Distance=1100
Temp=240.85, Best Distance=1100
Temp=239.65, Best Distance=1100
Temp=238.45, Best Distance=1100
Temp=237.26, Best Distance=1100
Temp=236.07, Best Distance=1100
 Invalid swap! Route [0, 8, 6, 2, 4, 15, 11, 1, 0] (Demand 158) or Route [0, 9, 14, 0] (Demand 15) exceeds capacity 77
Temp=236.07, Best Distance=1100
Temp=234.89, Best Distance=1100
Temp=233.72, Best Distance=1100
Temp=232.55, Best Distance=1100
Temp=231.39, Best Distance=1180
Temp=230.23, Best Distance=1180
Temp=229.08, Best Distance=1180
Temp=227.93, Best Distance=1180
Temp=226.79, Best Distance=1180
Temp=225.66, Best Distance=1180
Temp=224.53, Best Distance=1180
Temp=223.41, Best Distance=1180
Temp=222.29, Best Distance=1180
Temp=221.18, Best Distance=1180
Temp=220.07, Best Distance=1180
Temp=218.97, Best Distance=1180
Temp=217.88, Best Distance=1180
Temp=216.79, Best Distance=1180
 Invalid swap! Route [0, 8, 6, 2, 4, 9, 11, 1, 0] (Demand 158) or Route [0, 15, 14, 0] (Demand 15) exceeds capacity 77
Temp=216.79, Best Distance=1180
Temp=215.71, Best Distance=1145
 Invalid swap! Route [0, 8, 6, 2, 4, 9, 14, 1, 0] (Demand 135) or Route [0, 15, 11, 0] (Demand 38) exceeds capacity 77
Temp=215.71, Best Distance=1145
Temp=214.63, Best Distance=1196
Temp=213.55, Best Distance=1196
Temp=212.49, Best Distance=1196
Temp=211.42, Best Distance=1196
Temp=210.37, Best Distance=1196
Temp=209.32, Best Distance=1196
Temp=208.27, Best Distance=1196
Temp=207.23, Best Distance=1196
Temp=206.19, Best Distance=1196
Temp=205.16, Best Distance=1196
Temp=204.13, Best Distance=1196
Temp=203.11, Best Distance=1196
Temp=202.10, Best Distance=1196
Temp=201.09, Best Distance=1196
Temp=200.08, Best Distance=1196
Temp=199.08, Best Distance=1196
Temp=198.09, Best Distance=1196
 Invalid swap! Route [0, 4, 11, 0] (Demand 63) or Route [0, 8, 6, 2, 15, 9, 14, 1, 0] (Demand 110) exceeds capacity 77
Temp=198.09, Best Distance=1196
Temp=197.10, Best Distance=1174
Temp=196.11, Best Distance=1174
Temp=195.13, Best Distance=1174
Temp=194.15, Best Distance=1174
Temp=193.18, Best Distance=1174
 Invalid swap! Route [0, 8, 11, 0] (Demand 27) or Route [0, 4, 6, 2, 15, 9, 14, 1, 0] (Demand 146) exceeds capacity 77
Temp=193.18, Best Distance=1174
Temp=192.22, Best Distance=1189
Temp=191.26, Best Distance=1189
Temp=190.30, Best Distance=1189
Temp=189.35, Best Distance=1189
Temp=188.40, Best Distance=1188
Temp=187.46, Best Distance=1188
Temp=186.52, Best Distance=1188
Temp=185.59, Best Distance=1188
Temp=184.66, Best Distance=1241
 Invalid swap! Route [0, 4, 6, 2, 15, 9, 14, 11, 0] (Demand 155) or Route [0, 13, 1, 0] (Demand 36) exceeds capacity 77
Temp=184.66, Best Distance=1241
Temp=183.74, Best Distance=1163
 Invalid swap! Route [0, 6, 1, 0] (Demand 52) or Route [0, 4, 13, 2, 15, 9, 14, 11, 0] (Demand 139) exceeds capacity 77
Temp=183.74, Best Distance=1163
Temp=182.82, Best Distance=1158
Temp=181.91, Best Distance=1158
Temp=181.00, Best Distance=1158
Temp=180.09, Best Distance=1158
Temp=179.19, Best Distance=1158
Temp=178.30, Best Distance=1158
Temp=177.40, Best Distance=1158
Temp=176.52, Best Distance=1158
Temp=175.63, Best Distance=1158
Temp=174.76, Best Distance=1158
Temp=173.88, Best Distance=1158
Temp=173.01, Best Distance=1158
Temp=172.15, Best Distance=1158
Temp=171.29, Best Distance=1158
Temp=170.43, Best Distance=1158
Temp=169.58, Best Distance=1158
Temp=168.73, Best Distance=1158
Temp=167.89, Best Distance=1158
Temp=167.05, Best Distance=1158
Temp=166.21, Best Distance=1158
Temp=165.38, Best Distance=1158
Temp=164.55, Best Distance=1158
 Invalid swap! Route [0, 7, 13, 2, 15, 9, 14, 11, 0] (Demand 102) or Route [0, 8, 4, 12, 0] (Demand 60) exceeds capacity 77
Temp=164.55, Best Distance=1158
Temp=163.73, Best Distance=1004
Temp=162.91, Best Distance=1004
Temp=162.10, Best Distance=1004
Temp=161.29, Best Distance=1004
Temp=160.48, Best Distance=1004
 Invalid swap! Route [0, 6, 9, 0] (Demand 51) or Route [0, 7, 13, 2, 15, 1, 14, 11, 0] (Demand 103) exceeds capacity 77
Temp=160.48, Best Distance=1004
Temp=159.68, Best Distance=1010
Temp=158.88, Best Distance=1010
Temp=158.09, Best Distance=1010
Temp=157.30, Best Distance=1010
Temp=156.51, Best Distance=1010
Temp=155.73, Best Distance=1010
Temp=154.95, Best Distance=1010
Temp=154.17, Best Distance=1010
Temp=153.40, Best Distance=1010
Temp=152.64, Best Distance=1010
Temp=151.87, Best Distance=1010
Temp=151.11, Best Distance=1010
Temp=150.36, Best Distance=1010
Temp=149.61, Best Distance=1010
Temp=148.86, Best Distance=1010
Temp=148.11, Best Distance=1010
Temp=147.37, Best Distance=1010
Temp=146.64, Best Distance=1010
Temp=145.90, Best Distance=1010
 Invalid swap! Route [0, 7, 4, 12, 0] (Demand 59) or Route [0, 8, 13, 2, 15, 1, 14, 11, 0] (Demand 104) exceeds capacity 77
Temp=145.90, Best Distance=1010
Temp=145.17, Best Distance=1010
Temp=144.45, Best Distance=1164
Temp=143.72, Best Distance=1164
Temp=143.01, Best Distance=1164
Temp=142.29, Best Distance=1164
 Invalid swap! Route [0, 7, 13, 12, 0] (Demand 41) or Route [0, 8, 9, 2, 15, 1, 14, 11, 0] (Demand 97) exceeds capacity 77
Temp=142.29, Best Distance=1164
Temp=141.58, Best Distance=1113
Temp=140.87, Best Distance=1113
Temp=140.17, Best Distance=1113
Temp=139.47, Best Distance=1113
Temp=138.77, Best Distance=1113
Temp=138.08, Best Distance=1113
Temp=137.39, Best Distance=1113
Temp=136.70, Best Distance=999
Temp=136.01, Best Distance=999
Temp=135.33, Best Distance=999
Temp=134.66, Best Distance=999
Temp=133.98, Best Distance=999
Temp=133.31, Best Distance=999
 Invalid swap! Route [0, 7, 4, 8, 0] (Demand 44) or Route [0, 12, 9, 2, 15, 1, 14, 11, 0] (Demand 112) exceeds capacity 77
Temp=133.31, Best Distance=999
Temp=132.65, Best Distance=990
Temp=131.99, Best Distance=990
Temp=131.33, Best Distance=990
Temp=130.67, Best Distance=990
Temp=130.02, Best Distance=990
Temp=129.37, Best Distance=990
Temp=128.72, Best Distance=990
Temp=128.07, Best Distance=990
Temp=127.43, Best Distance=990
Temp=126.80, Best Distance=990
Temp=126.16, Best Distance=990
Temp=125.53, Best Distance=990
Temp=124.90, Best Distance=990
Temp=124.28, Best Distance=990
Temp=123.66, Best Distance=990
Temp=123.04, Best Distance=990
Temp=122.43, Best Distance=990
Temp=121.81, Best Distance=990
Temp=121.20, Best Distance=990
Temp=120.60, Best Distance=990
 Invalid swap! Route [0, 15, 13, 0] (Demand 35) or Route [0, 12, 9, 2, 6, 1, 14, 11, 0] (Demand 135) exceeds capacity 77
Temp=120.60, Best Distance=990
Temp=120.00, Best Distance=1019
 Invalid swap! Route [0, 1, 13, 0] (Demand 36) or Route [0, 12, 9, 2, 6, 15, 14, 11, 0] (Demand 134) exceeds capacity 77
Temp=120.00, Best Distance=1019
Temp=119.40, Best Distance=1023
Temp=118.80, Best Distance=1126
Temp=118.20, Best Distance=1126
Temp=117.61, Best Distance=1126
Temp=117.02, Best Distance=1126
Temp=116.44, Best Distance=1126
Temp=115.86, Best Distance=1126
Temp=115.28, Best Distance=1126
Temp=114.70, Best Distance=1126
Temp=114.13, Best Distance=1126
 Invalid swap! Route [0, 12, 9, 8, 6, 15, 14, 11, 0] (Demand 111) or Route [0, 1, 2, 0] (Demand 41) exceeds capacity 77
Temp=114.13, Best Distance=1126
Temp=113.56, Best Distance=1126
Temp=112.99, Best Distance=1126
Temp=112.43, Best Distance=1139
Temp=111.86, Best Distance=1040
Temp=111.30, Best Distance=1040
Temp=110.75, Best Distance=1040
Temp=110.19, Best Distance=1040
Temp=109.64, Best Distance=1040
Temp=109.09, Best Distance=1040
Temp=108.55, Best Distance=1040
Temp=108.01, Best Distance=1040
Temp=107.47, Best Distance=1040
Temp=106.93, Best Distance=1040
Temp=106.39, Best Distance=1040
Temp=105.86, Best Distance=1040
Temp=105.33, Best Distance=1040
Temp=104.81, Best Distance=1040
Temp=104.28, Best Distance=1040
Temp=103.76, Best Distance=1040
Temp=103.24, Best Distance=1040
Temp=102.73, Best Distance=1040
Temp=102.21, Best Distance=1040
Temp=101.70, Best Distance=1040
Temp=101.19, Best Distance=1040
Temp=100.69, Best Distance=1040
Temp=100.18, Best Distance=1040
Temp=99.68, Best Distance=1040
Temp=99.18, Best Distance=1040
Temp=98.69, Best Distance=1040
Temp=98.19, Best Distance=1040
Temp=97.70, Best Distance=1040
Temp=97.21, Best Distance=1040
Temp=96.73, Best Distance=1040
Temp=96.25, Best Distance=1040
Temp=95.76, Best Distance=1040
Temp=95.29, Best Distance=1040
Temp=94.81, Best Distance=1040
Temp=94.33, Best Distance=1040
Temp=93.86, Best Distance=1040
Temp=93.39, Best Distance=1040
Temp=92.93, Best Distance=1040
Temp=92.46, Best Distance=1040
Temp=92.00, Best Distance=1040
Temp=91.54, Best Distance=1040
Temp=91.08, Best Distance=1040
Temp=90.63, Best Distance=1040
Temp=90.17, Best Distance=1040
Temp=89.72, Best Distance=1040
Temp=89.27, Best Distance=1040
Temp=88.83, Best Distance=1040
Temp=88.38, Best Distance=1040
Temp=87.94, Best Distance=1040
Temp=87.50, Best Distance=1040
Temp=87.06, Best Distance=1040
Temp=86.63, Best Distance=1040
 Invalid swap! Route [0, 12, 9, 8, 6, 15, 2, 11, 0] (Demand 136) or Route [0, 7, 4, 14, 0] (Demand 42) exceeds capacity 77
Temp=86.63, Best Distance=1040
Temp=86.20, Best Distance=1023
Temp=85.76, Best Distance=1023
Temp=85.34, Best Distance=1023
 Invalid swap! Route [0, 12, 9, 8, 6, 15, 7, 11, 0] (Demand 112) or Route [0, 2, 4, 14, 0] (Demand 66) exceeds capacity 77
Temp=85.34, Best Distance=1023
Temp=84.91, Best Distance=1041
 Invalid swap! Route [0, 1, 9, 8, 6, 15, 7, 11, 0] (Demand 109) or Route [0, 12, 13, 0] (Demand 39) exceeds capacity 77
Temp=84.91, Best Distance=1041
Temp=84.48, Best Distance=1044
Temp=84.06, Best Distance=1044
Temp=83.64, Best Distance=1044
Temp=83.22, Best Distance=1044
Temp=82.81, Best Distance=1044
Temp=82.39, Best Distance=1044
Temp=81.98, Best Distance=1044
Temp=81.57, Best Distance=1044
Temp=81.16, Best Distance=1044
Temp=80.76, Best Distance=1044
Temp=80.35, Best Distance=1044
 Invalid swap! Route [0, 9, 4, 14, 0] (Demand 54) or Route [0, 1, 2, 8, 6, 15, 7, 11, 0] (Demand 121) exceeds capacity 77
Temp=80.35, Best Distance=1044
Temp=79.95, Best Distance=1017
Temp=79.55, Best Distance=1017
 Invalid swap! Route [0, 1, 2, 8, 6, 15, 7, 4, 0] (Demand 136) or Route [0, 12, 11, 0] (Demand 42) exceeds capacity 77
Temp=79.55, Best Distance=1017
Temp=79.16, Best Distance=1013
Temp=78.76, Best Distance=1013
Temp=78.37, Best Distance=1066
Temp=77.97, Best Distance=1066
Temp=77.58, Best Distance=1066
Temp=77.20, Best Distance=1066
 Invalid swap! Route [0, 14, 2, 8, 6, 15, 7, 4, 0] (Demand 122) or Route [0, 12, 1, 0] (Demand 33) exceeds capacity 77
Temp=77.20, Best Distance=1066
Temp=76.81, Best Distance=1066
 Invalid swap! Route [0, 4, 13, 11, 0] (Demand 84) or Route [0, 14, 2, 8, 6, 15, 7, 9, 0] (Demand 97) exceeds capacity 77
Temp=76.81, Best Distance=1066
Temp=76.43, Best Distance=1066
Temp=76.04, Best Distance=1066
Temp=75.66, Best Distance=1066
Temp=75.29, Best Distance=1167
Temp=74.91, Best Distance=1167
Temp=74.53, Best Distance=1167
Temp=74.16, Best Distance=1167
Temp=73.79, Best Distance=1167
Temp=73.42, Best Distance=1167
Temp=73.05, Best Distance=1167
Temp=72.69, Best Distance=1167
Temp=72.33, Best Distance=1167
Temp=71.96, Best Distance=1167
Temp=71.60, Best Distance=1167
Temp=71.25, Best Distance=1167
Temp=70.89, Best Distance=1167
Temp=70.54, Best Distance=1167
Temp=70.18, Best Distance=1167
Temp=69.83, Best Distance=1167
Temp=69.48, Best Distance=1167
Temp=69.14, Best Distance=1167
Temp=68.79, Best Distance=1167
Temp=68.45, Best Distance=1167
Temp=68.10, Best Distance=1167
Temp=67.76, Best Distance=1167
 Invalid swap! Route [0, 14, 2, 8, 6, 12, 7, 9, 0] (Demand 101) or Route [0, 15, 1, 0] (Demand 29) exceeds capacity 77
Temp=67.76, Best Distance=1167
Temp=67.42, Best Distance=1167
Temp=67.09, Best Distance=1167
 Invalid swap! Route [0, 8, 13, 11, 0] (Demand 48) or Route [0, 14, 2, 4, 6, 12, 7, 9, 0] (Demand 137) exceeds capacity 77
Temp=67.09, Best Distance=1167
Temp=66.75, Best Distance=1165
 Invalid swap! Route [0, 8, 9, 11, 0] (Demand 41) or Route [0, 14, 2, 4, 6, 12, 7, 13, 0] (Demand 144) exceeds capacity 77
Temp=66.75, Best Distance=1165
Temp=66.42, Best Distance=1113
Temp=66.09, Best Distance=1113
Temp=65.76, Best Distance=1113
Temp=65.43, Best Distance=1113
Temp=65.10, Best Distance=1113
Temp=64.77, Best Distance=1113
Temp=64.45, Best Distance=1132
Temp=64.13, Best Distance=1132
Temp=63.81, Best Distance=1132
Temp=63.49, Best Distance=1132
 Invalid swap! Route [0, 14, 2, 4, 6, 12, 7, 11, 0] (Demand 147) or Route [0, 8, 1, 13, 0] (Demand 39) exceeds capacity 77
Temp=63.49, Best Distance=1132
Temp=63.17, Best Distance=1065
Temp=62.86, Best Distance=1065
Temp=62.54, Best Distance=1065
Temp=62.23, Best Distance=1065
Temp=61.92, Best Distance=1065
Temp=61.61, Best Distance=1065
Temp=61.30, Best Distance=1065
Temp=60.99, Best Distance=1065
Temp=60.69, Best Distance=1065
Temp=60.38, Best Distance=1065
 Invalid swap! Route [0, 8, 1, 7, 0] (Demand 20) or Route [0, 14, 2, 4, 6, 12, 13, 11, 0] (Demand 166) exceeds capacity 77
Temp=60.38, Best Distance=1065
Temp=60.08, Best Distance=1065
Temp=59.78, Best Distance=1065
Temp=59.48, Best Distance=1065
Temp=59.19, Best Distance=1123
Temp=58.89, Best Distance=1123
Temp=58.60, Best Distance=1123
Temp=58.30, Best Distance=1123
Temp=58.01, Best Distance=1123
Temp=57.72, Best Distance=1123
Temp=57.43, Best Distance=1123
Temp=57.15, Best Distance=1123
Temp=56.86, Best Distance=1123
Temp=56.58, Best Distance=1123
Temp=56.29, Best Distance=1123
Temp=56.01, Best Distance=1123
Temp=55.73, Best Distance=1123
Temp=55.45, Best Distance=1123
Temp=55.17, Best Distance=1123
 Invalid swap! Route [0, 14, 2, 4, 6, 9, 13, 11, 0] (Demand 162) or Route [0, 15, 12, 0] (Demand 32) exceeds capacity 77
Temp=55.17, Best Distance=1123
Temp=54.90, Best Distance=1065
Temp=54.62, Best Distance=1065
Temp=54.35, Best Distance=1065
Temp=54.08, Best Distance=1065
Temp=53.81, Best Distance=1065
Temp=53.54, Best Distance=1065
Temp=53.27, Best Distance=1065
Temp=53.01, Best Distance=1065
Temp=52.74, Best Distance=1065
Temp=52.48, Best Distance=1065
Temp=52.21, Best Distance=1065
Temp=51.95, Best Distance=1065
Temp=51.69, Best Distance=1065
Temp=51.44, Best Distance=1065
Temp=51.18, Best Distance=1065
Temp=50.92, Best Distance=1065
Temp=50.67, Best Distance=1065
Temp=50.41, Best Distance=1065
Temp=50.16, Best Distance=1065
Temp=49.91, Best Distance=1065
Temp=49.66, Best Distance=1065
Temp=49.41, Best Distance=1065
 Invalid swap! Route [0, 14, 2, 4, 6, 9, 13, 7, 0] (Demand 140) or Route [0, 8, 1, 11, 0] (Demand 42) exceeds capacity 77
Temp=49.41, Best Distance=1065
 Invalid swap! Route [0, 11, 2, 4, 6, 9, 13, 7, 0] (Demand 163) or Route [0, 8, 1, 14, 0] (Demand 19) exceeds capacity 77
Temp=49.41, Best Distance=1065
Temp=49.17, Best Distance=1015
Temp=48.92, Best Distance=1015
Temp=48.68, Best Distance=1015
Temp=48.43, Best Distance=1015
Temp=48.19, Best Distance=1015
Temp=47.95, Best Distance=1015
Temp=47.71, Best Distance=1015
Temp=47.47, Best Distance=1015
 Invalid swap! Route [0, 11, 2, 4, 6, 9, 13, 15, 0] (Demand 175) or Route [0, 7, 12, 0] (Demand 20) exceeds capacity 77
Temp=47.47, Best Distance=1015
Temp=47.23, Best Distance=927
Temp=47.00, Best Distance=927
Temp=46.76, Best Distance=927
Temp=46.53, Best Distance=927
Temp=46.30, Best Distance=927
Temp=46.07, Best Distance=927
Temp=45.83, Best Distance=927
Temp=45.61, Best Distance=927
Temp=45.38, Best Distance=927
Temp=45.15, Best Distance=927
Temp=44.92, Best Distance=927
Temp=44.70, Best Distance=927
Temp=44.48, Best Distance=927
Temp=44.25, Best Distance=927
Temp=44.03, Best Distance=927
Temp=43.81, Best Distance=927
Temp=43.59, Best Distance=927
Temp=43.38, Best Distance=927
Temp=43.16, Best Distance=927
Temp=42.94, Best Distance=927
Temp=42.73, Best Distance=927
Temp=42.51, Best Distance=927
Temp=42.30, Best Distance=927
Temp=42.09, Best Distance=927
Temp=41.88, Best Distance=927
Temp=41.67, Best Distance=927
Temp=41.46, Best Distance=927
Temp=41.26, Best Distance=927
Temp=41.05, Best Distance=927
Temp=40.84, Best Distance=927
Temp=40.64, Best Distance=927
Temp=40.44, Best Distance=927
 Invalid swap! Route [0, 7, 15, 0] (Demand 16) or Route [0, 11, 2, 4, 6, 9, 13, 12, 0] (Demand 179) exceeds capacity 77
Temp=40.44, Best Distance=927
Temp=40.23, Best Distance=927
Temp=40.03, Best Distance=927
Temp=39.83, Best Distance=927
Temp=39.63, Best Distance=927
Temp=39.44, Best Distance=927
Temp=39.24, Best Distance=927
Temp=39.04, Best Distance=927
Temp=38.85, Best Distance=927
Temp=38.65, Best Distance=1020
Temp=38.46, Best Distance=1020
Temp=38.27, Best Distance=1020
Temp=38.08, Best Distance=1020
Temp=37.89, Best Distance=1020
Temp=37.70, Best Distance=1020
Temp=37.51, Best Distance=1020
 Invalid swap! Route [0, 11, 2, 4, 6, 8, 13, 12, 0] (Demand 168) or Route [0, 9, 1, 14, 0] (Demand 30) exceeds capacity 77
Temp=37.51, Best Distance=1020
Temp=37.32, Best Distance=1020
Temp=37.13, Best Distance=1058
Temp=36.95, Best Distance=1058
Temp=36.76, Best Distance=938
Temp=36.58, Best Distance=938
Temp=36.40, Best Distance=938
 Invalid swap! Route [0, 9, 2, 15, 0] (Demand 54) or Route [0, 11, 1, 4, 6, 8, 13, 12, 0] (Demand 157) exceeds capacity 77
Temp=36.40, Best Distance=938
 Invalid swap! Route [0, 13, 2, 15, 0] (Demand 61) or Route [0, 11, 1, 4, 6, 8, 9, 12, 0] (Demand 150) exceeds capacity 77
Temp=36.40, Best Distance=938
Temp=36.21, Best Distance=938
Temp=36.03, Best Distance=938
Temp=35.85, Best Distance=938
Temp=35.67, Best Distance=938
Temp=35.50, Best Distance=938
 Invalid swap! Route [0, 11, 1, 2, 6, 8, 9, 12, 0] (Demand 137) or Route [0, 13, 4, 15, 0] (Demand 74) exceeds capacity 77
Temp=35.50, Best Distance=938
Temp=35.32, Best Distance=938
Temp=35.14, Best Distance=938
Temp=34.97, Best Distance=938
Temp=34.79, Best Distance=938
Temp=34.62, Best Distance=938
Temp=34.44, Best Distance=938
Temp=34.27, Best Distance=938
Temp=34.10, Best Distance=938
Temp=33.93, Best Distance=938
Temp=33.76, Best Distance=938
Temp=33.59, Best Distance=938
 Invalid swap! Route [0, 11, 4, 2, 6, 8, 9, 12, 0] (Demand 161) or Route [0, 13, 1, 15, 0] (Demand 50) exceeds capacity 77
Temp=33.59, Best Distance=938
Temp=33.42, Best Distance=938
Temp=33.26, Best Distance=938
Temp=33.09, Best Distance=938
Temp=32.92, Best Distance=938
Temp=32.76, Best Distance=938
Temp=32.60, Best Distance=938
Temp=32.43, Best Distance=938
Temp=32.27, Best Distance=938
Temp=32.11, Best Distance=938
 Invalid swap! Route [0, 11, 4, 2, 6, 8, 1, 12, 0] (Demand 162) or Route [0, 7, 9, 0] (Demand 16) exceeds capacity 77
Temp=32.11, Best Distance=938
Temp=31.95, Best Distance=938
Temp=31.79, Best Distance=938
 Invalid swap! Route [0, 11, 15, 2, 6, 8, 1, 12, 0] (Demand 137) or Route [0, 13, 14, 4, 0] (Demand 61) exceeds capacity 77
Temp=31.79, Best Distance=938
Temp=31.63, Best Distance=938
Temp=31.47, Best Distance=938
Temp=31.31, Best Distance=938
Temp=31.16, Best Distance=938
Temp=31.00, Best Distance=938
Temp=30.85, Best Distance=938
Temp=30.69, Best Distance=938
Temp=30.54, Best Distance=938
Temp=30.39, Best Distance=938
Temp=30.24, Best Distance=938
Temp=30.08, Best Distance=938
Temp=29.93, Best Distance=938
Temp=29.78, Best Distance=938
Temp=29.63, Best Distance=938
Temp=29.49, Best Distance=938
Temp=29.34, Best Distance=938
Temp=29.19, Best Distance=938
Temp=29.05, Best Distance=938
Temp=28.90, Best Distance=938
Temp=28.76, Best Distance=938
Temp=28.61, Best Distance=938
Temp=28.47, Best Distance=938
 Invalid swap! Route [0, 11, 13, 2, 6, 8, 1, 12, 0] (Demand 144) or Route [0, 7, 15, 0] (Demand 16) exceeds capacity 77
Temp=28.47, Best Distance=938
Temp=28.33, Best Distance=938
Temp=28.19, Best Distance=938
Temp=28.05, Best Distance=938
Temp=27.90, Best Distance=938
Temp=27.77, Best Distance=938
Temp=27.63, Best Distance=938
Temp=27.49, Best Distance=938
Temp=27.35, Best Distance=938
Temp=27.21, Best Distance=938
Temp=27.08, Best Distance=938
Temp=26.94, Best Distance=938
Temp=26.81, Best Distance=938
Temp=26.67, Best Distance=938
Temp=26.54, Best Distance=938
Temp=26.41, Best Distance=938
Temp=26.28, Best Distance=938
Temp=26.14, Best Distance=938
Temp=26.01, Best Distance=938
Temp=25.88, Best Distance=938
Temp=25.75, Best Distance=938
Temp=25.63, Best Distance=938
Temp=25.50, Best Distance=938
Temp=25.37, Best Distance=938
Temp=25.24, Best Distance=938
Temp=25.12, Best Distance=938
Temp=24.99, Best Distance=938
Temp=24.87, Best Distance=938
Temp=24.74, Best Distance=938
Temp=24.62, Best Distance=938
Temp=24.50, Best Distance=938
Temp=24.37, Best Distance=938
Temp=24.25, Best Distance=938
Temp=24.13, Best Distance=938
Temp=24.01, Best Distance=938
Temp=23.89, Best Distance=938
Temp=23.77, Best Distance=938
Temp=23.65, Best Distance=938
Temp=23.53, Best Distance=938
Temp=23.41, Best Distance=938
Temp=23.30, Best Distance=938
Temp=23.18, Best Distance=938
Temp=23.07, Best Distance=938
Temp=22.95, Best Distance=938
Temp=22.84, Best Distance=938
Temp=22.72, Best Distance=938
Temp=22.61, Best Distance=938
Temp=22.49, Best Distance=938
Temp=22.38, Best Distance=938
Temp=22.27, Best Distance=938
Temp=22.16, Best Distance=938
Temp=22.05, Best Distance=938
Temp=21.94, Best Distance=938
Temp=21.83, Best Distance=938
Temp=21.72, Best Distance=938
Temp=21.61, Best Distance=938
Temp=21.50, Best Distance=938
Temp=21.39, Best Distance=938
Temp=21.29, Best Distance=938
Temp=21.18, Best Distance=938
Temp=21.08, Best Distance=938
Temp=20.97, Best Distance=938
Temp=20.86, Best Distance=938
Temp=20.76, Best Distance=938
Temp=20.66, Best Distance=938
Temp=20.55, Best Distance=938
Temp=20.45, Best Distance=938
Temp=20.35, Best Distance=938
Temp=20.25, Best Distance=938
Temp=20.15, Best Distance=938
Temp=20.04, Best Distance=938
Temp=19.94, Best Distance=938
Temp=19.84, Best Distance=938
Temp=19.75, Best Distance=938
Temp=19.65, Best Distance=938
Temp=19.55, Best Distance=938
Temp=19.45, Best Distance=938
Temp=19.35, Best Distance=938
 Invalid swap! Route [0, 4, 12, 7, 0] (Demand 59) or Route [0, 11, 13, 2, 6, 8, 1, 9, 0] (Demand 140) exceeds capacity 77
Temp=19.35, Best Distance=938
Temp=19.26, Best Distance=938
Temp=19.16, Best Distance=938
Temp=19.06, Best Distance=938
Temp=18.97, Best Distance=938
Temp=18.87, Best Distance=938
Temp=18.78, Best Distance=938
Temp=18.69, Best Distance=938
Temp=18.59, Best Distance=938
Temp=18.50, Best Distance=938
Temp=18.41, Best Distance=938
Temp=18.32, Best Distance=938
Temp=18.22, Best Distance=938
Temp=18.13, Best Distance=938
Temp=18.04, Best Distance=938
Temp=17.95, Best Distance=938
Temp=17.86, Best Distance=938
Temp=17.77, Best Distance=938
Temp=17.68, Best Distance=938
Temp=17.60, Best Distance=938
 Invalid swap! Route [0, 12, 11, 0] (Demand 42) or Route [0, 15, 13, 2, 6, 8, 1, 9, 0] (Demand 130) exceeds capacity 77
Temp=17.60, Best Distance=938
Temp=17.51, Best Distance=938
Temp=17.42, Best Distance=938
Temp=17.33, Best Distance=993
Temp=17.25, Best Distance=993
Temp=17.16, Best Distance=993
Temp=17.07, Best Distance=993
Temp=16.99, Best Distance=993
Temp=16.90, Best Distance=993
Temp=16.82, Best Distance=993
Temp=16.74, Best Distance=993
Temp=16.65, Best Distance=993
Temp=16.57, Best Distance=993
 Invalid swap! Route [0, 4, 15, 7, 0] (Demand 55) or Route [0, 14, 13, 2, 6, 8, 1, 9, 0] (Demand 117) exceeds capacity 77
Temp=16.57, Best Distance=993
Temp=16.49, Best Distance=993
Temp=16.40, Best Distance=993
Temp=16.32, Best Distance=993
Temp=16.24, Best Distance=993
Temp=16.16, Best Distance=993
Temp=16.08, Best Distance=993
Temp=16.00, Best Distance=993
Temp=15.92, Best Distance=993
Temp=15.84, Best Distance=993
Temp=15.76, Best Distance=993
Temp=15.68, Best Distance=993
Temp=15.60, Best Distance=993
Temp=15.52, Best Distance=993
Temp=15.45, Best Distance=993
Temp=15.37, Best Distance=993
Temp=15.29, Best Distance=993
Temp=15.22, Best Distance=993
Temp=15.14, Best Distance=993
Temp=15.06, Best Distance=993
Temp=14.99, Best Distance=993
Temp=14.91, Best Distance=993
Temp=14.84, Best Distance=993
Temp=14.76, Best Distance=993
Temp=14.69, Best Distance=993
Temp=14.62, Best Distance=993
Temp=14.54, Best Distance=993
Temp=14.47, Best Distance=993
Temp=14.40, Best Distance=993
Temp=14.33, Best Distance=993
Temp=14.26, Best Distance=993
Temp=14.18, Best Distance=993
Temp=14.11, Best Distance=993
Temp=14.04, Best Distance=993
Temp=13.97, Best Distance=993
Temp=13.90, Best Distance=993
 Invalid swap! Route [0, 9, 4, 0] (Demand 53) or Route [0, 14, 13, 2, 6, 8, 1, 15, 0] (Demand 117) exceeds capacity 77
Temp=13.90, Best Distance=993
Temp=13.83, Best Distance=993
Temp=13.76, Best Distance=993
 Invalid swap! Route [0, 14, 4, 0] (Demand 40) or Route [0, 9, 13, 2, 6, 8, 1, 15, 0] (Demand 130) exceeds capacity 77
Temp=13.76, Best Distance=993
Temp=13.69, Best Distance=993
Temp=13.63, Best Distance=993
Temp=13.56, Best Distance=993
Temp=13.49, Best Distance=993
Temp=13.42, Best Distance=993
Temp=13.36, Best Distance=993
Temp=13.29, Best Distance=993
Temp=13.22, Best Distance=993
Temp=13.16, Best Distance=993
Temp=13.09, Best Distance=993
Temp=13.03, Best Distance=993
Temp=12.96, Best Distance=993
Temp=12.90, Best Distance=993
Temp=12.83, Best Distance=993
Temp=12.77, Best Distance=993
Temp=12.70, Best Distance=993
Temp=12.64, Best Distance=993
Temp=12.58, Best Distance=993
Temp=12.51, Best Distance=993
Temp=12.45, Best Distance=993
 Invalid swap! Route [0, 9, 13, 2, 6, 8, 1, 11, 0] (Demand 140) or Route [0, 15, 14, 12, 0] (Demand 33) exceeds capacity 77
Temp=12.45, Best Distance=993
Temp=12.39, Best Distance=993
 Invalid swap! Route [0, 2, 4, 0] (Demand 65) or Route [0, 9, 13, 7, 6, 8, 1, 11, 0] (Demand 116) exceeds capacity 77
Temp=12.39, Best Distance=993
 Invalid swap! Route [0, 9, 13, 7, 6, 8, 1, 4, 0] (Demand 131) or Route [0, 2, 11, 0] (Demand 50) exceeds capacity 77
Temp=12.39, Best Distance=993
 Invalid swap! Route [0, 9, 13, 2, 6, 8, 1, 4, 0] (Demand 155) or Route [0, 7, 11, 0] (Demand 26) exceeds capacity 77
Temp=12.39, Best Distance=993
Temp=12.33, Best Distance=993
Temp=12.26, Best Distance=993
Temp=12.20, Best Distance=993
Temp=12.14, Best Distance=993
Temp=12.08, Best Distance=993
Temp=12.02, Best Distance=993
Temp=11.96, Best Distance=993
Temp=11.90, Best Distance=993
Temp=11.84, Best Distance=993
Temp=11.78, Best Distance=993
Temp=11.72, Best Distance=993
Temp=11.67, Best Distance=993
Temp=11.61, Best Distance=993
Temp=11.55, Best Distance=993
Temp=11.49, Best Distance=993
Temp=11.43, Best Distance=993
Temp=11.38, Best Distance=993
Temp=11.32, Best Distance=993
Temp=11.26, Best Distance=993
Temp=11.21, Best Distance=993
Temp=11.15, Best Distance=993
Temp=11.09, Best Distance=993
Temp=11.04, Best Distance=993
Temp=10.98, Best Distance=993
Temp=10.93, Best Distance=993
Temp=10.87, Best Distance=993
Temp=10.82, Best Distance=993
Temp=10.77, Best Distance=993
Temp=10.71, Best Distance=993
Temp=10.66, Best Distance=993
Temp=10.61, Best Distance=993
Temp=10.55, Best Distance=993
Temp=10.50, Best Distance=993
 Invalid swap! Route [0, 14, 9, 0] (Demand 15) or Route [0, 11, 13, 2, 6, 8, 1, 4, 0] (Demand 165) exceeds capacity 77
Temp=10.50, Best Distance=993
Temp=10.45, Best Distance=993
 Invalid swap! Route [0, 11, 13, 15, 6, 8, 1, 4, 0] (Demand 153) or Route [0, 2, 7, 12, 0] (Demand 46) exceeds capacity 77
Temp=10.45, Best Distance=993
Temp=10.40, Best Distance=993
Temp=10.34, Best Distance=993
Temp=10.29, Best Distance=993
Temp=10.24, Best Distance=993
Temp=10.19, Best Distance=993
Temp=10.14, Best Distance=993
Temp=10.09, Best Distance=993
Temp=10.04, Best Distance=993
Temp=9.99, Best Distance=993
Temp=9.94, Best Distance=993
Temp=9.89, Best Distance=993
Temp=9.84, Best Distance=993
Temp=9.79, Best Distance=993
Temp=9.74, Best Distance=993
Temp=9.69, Best Distance=993
Temp=9.64, Best Distance=993
Temp=9.59, Best Distance=993
 Invalid swap! Route [0, 14, 1, 0] (Demand 16) or Route [0, 11, 13, 15, 6, 8, 12, 4, 0] (Demand 156) exceeds capacity 77
Temp=9.59, Best Distance=993
Temp=9.55, Best Distance=993
Temp=9.50, Best Distance=993
 Invalid swap! Route [0, 6, 1, 0] (Demand 52) or Route [0, 11, 13, 15, 2, 8, 12, 4, 0] (Demand 145) exceeds capacity 77
Temp=9.50, Best Distance=993
Temp=9.45, Best Distance=968
Temp=9.40, Best Distance=968
Temp=9.36, Best Distance=968
Temp=9.31, Best Distance=968
Temp=9.26, Best Distance=968
Temp=9.22, Best Distance=968
Temp=9.17, Best Distance=968
Temp=9.12, Best Distance=968
Temp=9.08, Best Distance=968
Temp=9.03, Best Distance=968
 Invalid swap! Route [0, 14, 7, 11, 0] (Demand 27) or Route [0, 9, 13, 15, 2, 8, 12, 4, 0] (Demand 135) exceeds capacity 77
Temp=9.03, Best Distance=968
 Invalid swap! Route [0, 9, 13, 15, 6, 8, 12, 4, 0] (Demand 146) or Route [0, 2, 1, 0] (Demand 41) exceeds capacity 77
Temp=9.03, Best Distance=968
Temp=8.99, Best Distance=963
Temp=8.94, Best Distance=963
Temp=8.90, Best Distance=963
 Invalid swap! Route [0, 9, 13, 15, 6, 14, 12, 4, 0] (Demand 144) or Route [0, 8, 7, 11, 0] (Demand 29) exceeds capacity 77
Temp=8.90, Best Distance=963
Temp=8.85, Best Distance=963
Temp=8.81, Best Distance=963
Temp=8.77, Best Distance=963
Temp=8.72, Best Distance=963
 Invalid swap! Route [0, 13, 1, 0] (Demand 36) or Route [0, 9, 2, 15, 6, 14, 12, 4, 0] (Demand 149) exceeds capacity 77
Temp=8.72, Best Distance=963
Temp=8.68, Best Distance=963
Temp=8.64, Best Distance=963
Temp=8.59, Best Distance=963
Temp=8.55, Best Distance=963
Temp=8.51, Best Distance=963
Temp=8.46, Best Distance=963
Temp=8.42, Best Distance=963
Temp=8.38, Best Distance=963
Temp=8.34, Best Distance=963
Temp=8.30, Best Distance=963
Temp=8.25, Best Distance=963
Temp=8.21, Best Distance=963
Temp=8.17, Best Distance=963
Temp=8.13, Best Distance=963
Temp=8.09, Best Distance=963
Temp=8.05, Best Distance=963
Temp=8.01, Best Distance=963
 Invalid swap! Route [0, 2, 7, 11, 0] (Demand 52) or Route [0, 9, 8, 15, 6, 14, 12, 4, 0] (Demand 126) exceeds capacity 77
Temp=8.01, Best Distance=963
Temp=7.97, Best Distance=963
Temp=7.93, Best Distance=963
Temp=7.89, Best Distance=963
Temp=7.85, Best Distance=963
Temp=7.81, Best Distance=963
Temp=7.77, Best Distance=963
Temp=7.73, Best Distance=963
Temp=7.70, Best Distance=963
Temp=7.66, Best Distance=963
Temp=7.62, Best Distance=963
Temp=7.58, Best Distance=963
Temp=7.54, Best Distance=963
Temp=7.50, Best Distance=963
Temp=7.47, Best Distance=963
Temp=7.43, Best Distance=963
Temp=7.39, Best Distance=963
Temp=7.36, Best Distance=963
Temp=7.32, Best Distance=963
Temp=7.28, Best Distance=963
Temp=7.25, Best Distance=963
Temp=7.21, Best Distance=963
Temp=7.17, Best Distance=963
Temp=7.14, Best Distance=963
Temp=7.10, Best Distance=963
Temp=7.07, Best Distance=963
 Invalid swap! Route [0, 9, 8, 15, 6, 14, 13, 4, 0] (Demand 129) or Route [0, 12, 1, 0] (Demand 33) exceeds capacity 77
Temp=7.07, Best Distance=963
Temp=7.03, Best Distance=963
Temp=7.00, Best Distance=963
Temp=6.96, Best Distance=963
 Invalid swap! Route [0, 4, 7, 11, 0] (Demand 65) or Route [0, 9, 8, 15, 6, 14, 13, 2, 0] (Demand 116) exceeds capacity 77
Temp=6.96, Best Distance=963
Temp=6.93, Best Distance=963
Temp=6.89, Best Distance=963
Temp=6.86, Best Distance=963
Temp=6.82, Best Distance=963
Temp=6.79, Best Distance=963
Temp=6.75, Best Distance=963
Temp=6.72, Best Distance=963
 Invalid swap! Route [0, 9, 8, 15, 11, 14, 13, 2, 0] (Demand 103) or Route [0, 1, 7, 6, 0] (Demand 54) exceeds capacity 77
Temp=6.72, Best Distance=963
 Invalid swap! Route [0, 1, 7, 8, 0] (Demand 20) or Route [0, 9, 6, 15, 11, 14, 13, 2, 0] (Demand 137) exceeds capacity 77
Temp=6.72, Best Distance=963
Temp=6.69, Best Distance=963
Temp=6.65, Best Distance=963
Temp=6.62, Best Distance=963
Temp=6.59, Best Distance=963
Temp=6.55, Best Distance=963
 Invalid swap! Route [0, 9, 6, 15, 11, 14, 4, 2, 0] (Demand 155) or Route [0, 12, 13, 0] (Demand 39) exceeds capacity 77
Temp=6.55, Best Distance=963
Temp=6.52, Best Distance=963
Temp=6.49, Best Distance=963
Temp=6.46, Best Distance=963
Temp=6.42, Best Distance=963
Temp=6.39, Best Distance=963
Temp=6.36, Best Distance=963
Temp=6.33, Best Distance=963
Temp=6.30, Best Distance=963
Temp=6.27, Best Distance=963
Temp=6.23, Best Distance=963
Temp=6.20, Best Distance=963
Temp=6.17, Best Distance=963
Temp=6.14, Best Distance=963
Temp=6.11, Best Distance=963
Temp=6.08, Best Distance=963
Temp=6.05, Best Distance=963
 Invalid swap! Route [0, 9, 6, 15, 11, 7, 4, 2, 0] (Demand 156) or Route [0, 13, 14, 8, 0] (Demand 25) exceeds capacity 77
Temp=6.05, Best Distance=963
Temp=6.02, Best Distance=963
Temp=5.99, Best Distance=963
Temp=5.96, Best Distance=963
Temp=5.93, Best Distance=963
Temp=5.90, Best Distance=963
Temp=5.87, Best Distance=963
Temp=5.84, Best Distance=963
Temp=5.81, Best Distance=963
Temp=5.78, Best Distance=963
Temp=5.75, Best Distance=963
Temp=5.72, Best Distance=963
Temp=5.70, Best Distance=963
Temp=5.67, Best Distance=963
Temp=5.64, Best Distance=963
Temp=5.61, Best Distance=963
Temp=5.58, Best Distance=963
Temp=5.56, Best Distance=963
Temp=5.53, Best Distance=963
Temp=5.50, Best Distance=963
Temp=5.47, Best Distance=963
Temp=5.45, Best Distance=963
Temp=5.42, Best Distance=963
Temp=5.39, Best Distance=963
Temp=5.36, Best Distance=963
Temp=5.34, Best Distance=963
Temp=5.31, Best Distance=963
Temp=5.28, Best Distance=963
Temp=5.26, Best Distance=963
 Invalid swap! Route [0, 12, 14, 15, 0] (Demand 33) or Route [0, 9, 6, 8, 11, 7, 4, 2, 0] (Demand 145) exceeds capacity 77
Temp=5.26, Best Distance=963
Temp=5.23, Best Distance=963
 Invalid swap! Route [0, 13, 4, 0] (Demand 60) or Route [0, 9, 6, 8, 11, 7, 1, 2, 0] (Demand 121) exceeds capacity 77
Temp=5.23, Best Distance=963
Temp=5.20, Best Distance=963
Temp=5.18, Best Distance=963
 Invalid swap! Route [0, 13, 9, 0] (Demand 35) or Route [0, 4, 6, 8, 11, 7, 1, 2, 0] (Demand 146) exceeds capacity 77
Temp=5.18, Best Distance=963
Temp=5.15, Best Distance=963
Temp=5.13, Best Distance=963
Temp=5.10, Best Distance=963
Temp=5.08, Best Distance=963
Temp=5.05, Best Distance=963
Temp=5.03, Best Distance=963
Temp=5.00, Best Distance=963
Temp=4.98, Best Distance=963
Temp=4.95, Best Distance=963
Temp=4.93, Best Distance=963
Temp=4.90, Best Distance=963
Temp=4.88, Best Distance=963
Temp=4.85, Best Distance=963
Temp=4.83, Best Distance=963
Temp=4.80, Best Distance=963
Temp=4.78, Best Distance=963
Temp=4.76, Best Distance=963
Temp=4.73, Best Distance=963
Temp=4.71, Best Distance=963
Temp=4.68, Best Distance=963
Temp=4.66, Best Distance=963
Temp=4.64, Best Distance=963
Temp=4.61, Best Distance=963
Temp=4.59, Best Distance=963
Temp=4.57, Best Distance=963
Temp=4.55, Best Distance=963
Temp=4.52, Best Distance=963
Temp=4.50, Best Distance=963
Temp=4.48, Best Distance=963
 Invalid swap! Route [0, 4, 6, 8, 11, 7, 1, 12, 0] (Demand 138) or Route [0, 2, 14, 15, 0] (Demand 41) exceeds capacity 77
Temp=4.48, Best Distance=963
Temp=4.46, Best Distance=963
Temp=4.43, Best Distance=963
Temp=4.41, Best Distance=963
Temp=4.39, Best Distance=963
 Invalid swap! Route [0, 4, 6, 9, 11, 7, 1, 12, 0] (Demand 149) or Route [0, 13, 8, 0] (Demand 24) exceeds capacity 77
Temp=4.39, Best Distance=963
Temp=4.37, Best Distance=963
Temp=4.35, Best Distance=963
Temp=4.32, Best Distance=963
Temp=4.30, Best Distance=963
Temp=4.28, Best Distance=963
Temp=4.26, Best Distance=963
Temp=4.24, Best Distance=963
Temp=4.22, Best Distance=963
Temp=4.20, Best Distance=963
Temp=4.17, Best Distance=963
Temp=4.15, Best Distance=963
Temp=4.13, Best Distance=963
Temp=4.11, Best Distance=963
Temp=4.09, Best Distance=963
Temp=4.07, Best Distance=963
Temp=4.05, Best Distance=963
Temp=4.03, Best Distance=963
Temp=4.01, Best Distance=963
Temp=3.99, Best Distance=963
Temp=3.97, Best Distance=963
Temp=3.95, Best Distance=963
Temp=3.93, Best Distance=963
Temp=3.91, Best Distance=963
Temp=3.89, Best Distance=963
Temp=3.87, Best Distance=963
Temp=3.85, Best Distance=963
Temp=3.83, Best Distance=963
Temp=3.81, Best Distance=963
Temp=3.80, Best Distance=963
Temp=3.78, Best Distance=963
 Invalid swap! Route [0, 4, 6, 2, 11, 7, 1, 12, 0] (Demand 161) or Route [0, 9, 14, 15, 0] (Demand 29) exceeds capacity 77
Temp=3.78, Best Distance=963
Temp=3.76, Best Distance=963
Temp=3.74, Best Distance=963
Temp=3.72, Best Distance=963
Temp=3.70, Best Distance=963
Temp=3.68, Best Distance=963
Temp=3.66, Best Distance=963
Temp=3.65, Best Distance=963
 Invalid swap! Route [0, 4, 8, 0] (Demand 42) or Route [0, 13, 6, 2, 11, 7, 1, 12, 0] (Demand 143) exceeds capacity 77
Temp=3.65, Best Distance=963
Temp=3.63, Best Distance=963
Temp=3.61, Best Distance=963
Temp=3.59, Best Distance=963
Temp=3.57, Best Distance=963
Temp=3.56, Best Distance=963
 Invalid swap! Route [0, 9, 11, 15, 0] (Demand 52) or Route [0, 13, 6, 2, 14, 7, 1, 12, 0] (Demand 120) exceeds capacity 77
Temp=3.56, Best Distance=963
Temp=3.54, Best Distance=963
Temp=3.52, Best Distance=963
 Invalid swap! Route [0, 13, 6, 2, 14, 4, 1, 12, 0] (Demand 157) or Route [0, 7, 8, 0] (Demand 5) exceeds capacity 77
Temp=3.52, Best Distance=963
Temp=3.50, Best Distance=963
Temp=3.49, Best Distance=963
Temp=3.47, Best Distance=963
Temp=3.45, Best Distance=963
Temp=3.43, Best Distance=963
Temp=3.42, Best Distance=963
Temp=3.40, Best Distance=963
Temp=3.38, Best Distance=963
Temp=3.37, Best Distance=963
Temp=3.35, Best Distance=963
Temp=3.33, Best Distance=963
Temp=3.32, Best Distance=963
Temp=3.30, Best Distance=963
Temp=3.28, Best Distance=963
Temp=3.27, Best Distance=963
Temp=3.25, Best Distance=963
Temp=3.23, Best Distance=963
Temp=3.22, Best Distance=963
Temp=3.20, Best Distance=963
Temp=3.18, Best Distance=963
Temp=3.17, Best Distance=963
Temp=3.15, Best Distance=963
Temp=3.14, Best Distance=963
Temp=3.12, Best Distance=963
Temp=3.11, Best Distance=963
Temp=3.09, Best Distance=963
Temp=3.07, Best Distance=963
Temp=3.06, Best Distance=963
Temp=3.04, Best Distance=963
Temp=3.03, Best Distance=963
Temp=3.01, Best Distance=963
Temp=3.00, Best Distance=963
Temp=2.98, Best Distance=963
Temp=2.97, Best Distance=963
Temp=2.95, Best Distance=963
Temp=2.94, Best Distance=963
Temp=2.92, Best Distance=963
Temp=2.91, Best Distance=963
Temp=2.90, Best Distance=963
Temp=2.88, Best Distance=963
Temp=2.87, Best Distance=963
Temp=2.85, Best Distance=963
Temp=2.84, Best Distance=963
Temp=2.82, Best Distance=963
Temp=2.81, Best Distance=963
 Invalid swap! Route [0, 13, 6, 2, 14, 8, 1, 12, 0] (Demand 121) or Route [0, 15, 4, 0] (Demand 53) exceeds capacity 77
Temp=2.81, Best Distance=963
Temp=2.80, Best Distance=963
Temp=2.78, Best Distance=963
Temp=2.77, Best Distance=963
 Invalid swap! Route [0, 13, 6, 2, 14, 8, 1, 4, 0] (Demand 142) or Route [0, 15, 12, 0] (Demand 32) exceeds capacity 77
Temp=2.77, Best Distance=963
Temp=2.75, Best Distance=963
Temp=2.74, Best Distance=963
Temp=2.73, Best Distance=963
Temp=2.71, Best Distance=963
Temp=2.70, Best Distance=963
Temp=2.69, Best Distance=963
Temp=2.67, Best Distance=963
Temp=2.66, Best Distance=963
 Invalid swap! Route [0, 15, 4, 0] (Demand 53) or Route [0, 13, 6, 2, 14, 8, 1, 12, 0] (Demand 121) exceeds capacity 77
Temp=2.66, Best Distance=963
Temp=2.65, Best Distance=963
Temp=2.63, Best Distance=963
Temp=2.62, Best Distance=963
Temp=2.61, Best Distance=963
Temp=2.59, Best Distance=963
Temp=2.58, Best Distance=963
Temp=2.57, Best Distance=963
Temp=2.55, Best Distance=963
Temp=2.54, Best Distance=963
Temp=2.53, Best Distance=963
Temp=2.52, Best Distance=963
Temp=2.50, Best Distance=963
Temp=2.49, Best Distance=963
Temp=2.48, Best Distance=963
Temp=2.47, Best Distance=963
Temp=2.45, Best Distance=963
Temp=2.44, Best Distance=963
Temp=2.43, Best Distance=963
Temp=2.42, Best Distance=963
Temp=2.41, Best Distance=963
Temp=2.39, Best Distance=963
Temp=2.38, Best Distance=963
Temp=2.37, Best Distance=963
Temp=2.36, Best Distance=963
Temp=2.35, Best Distance=963
Temp=2.33, Best Distance=963
Temp=2.32, Best Distance=963
Temp=2.31, Best Distance=963
 Invalid swap! Route [0, 2, 11, 7, 0] (Demand 52) or Route [0, 13, 6, 9, 14, 8, 1, 12, 0] (Demand 109) exceeds capacity 77
Temp=2.31, Best Distance=963
Temp=2.30, Best Distance=963
Temp=2.29, Best Distance=963
Temp=2.28, Best Distance=963
Temp=2.26, Best Distance=963
Temp=2.25, Best Distance=963
Temp=2.24, Best Distance=963
 Invalid swap! Route [0, 15, 7, 0] (Demand 16) or Route [0, 2, 11, 4, 0] (Demand 89) exceeds capacity 77
Temp=2.24, Best Distance=963
Temp=2.23, Best Distance=963
Temp=2.22, Best Distance=963
Temp=2.21, Best Distance=963
Temp=2.20, Best Distance=963
Temp=2.19, Best Distance=963
Temp=2.18, Best Distance=963
Temp=2.16, Best Distance=963
Temp=2.15, Best Distance=963
Temp=2.14, Best Distance=963
Temp=2.13, Best Distance=963
Temp=2.12, Best Distance=963
Temp=2.11, Best Distance=963
Temp=2.10, Best Distance=963
Temp=2.09, Best Distance=963
Temp=2.08, Best Distance=963
 Invalid swap! Route [0, 14, 6, 0] (Demand 38) or Route [0, 13, 7, 9, 4, 8, 1, 12, 0] (Demand 112) exceeds capacity 77
Temp=2.08, Best Distance=963
Temp=2.07, Best Distance=963
Temp=2.06, Best Distance=963
Temp=2.05, Best Distance=963
Temp=2.04, Best Distance=963
Temp=2.03, Best Distance=963
Temp=2.02, Best Distance=963
Temp=2.01, Best Distance=963
Temp=2.00, Best Distance=963
Temp=1.99, Best Distance=963
Temp=1.98, Best Distance=963
Temp=1.97, Best Distance=963
Temp=1.96, Best Distance=963
Temp=1.95, Best Distance=963
Temp=1.94, Best Distance=963
Temp=1.93, Best Distance=963
Temp=1.92, Best Distance=963
Temp=1.91, Best Distance=963
Temp=1.90, Best Distance=963
Temp=1.89, Best Distance=963
Temp=1.88, Best Distance=963
Temp=1.87, Best Distance=963
Temp=1.86, Best Distance=963
Temp=1.85, Best Distance=963
Temp=1.84, Best Distance=963
Temp=1.83, Best Distance=963
Temp=1.83, Best Distance=963
Temp=1.82, Best Distance=963
Temp=1.81, Best Distance=963
Temp=1.80, Best Distance=963
Temp=1.79, Best Distance=963
 Invalid swap! Route [0, 6, 7, 9, 4, 8, 1, 12, 0] (Demand 128) or Route [0, 2, 13, 14, 0] (Demand 48) exceeds capacity 77
Temp=1.79, Best Distance=963
Temp=1.78, Best Distance=963
Temp=1.77, Best Distance=963
Temp=1.76, Best Distance=963
Temp=1.75, Best Distance=963
Temp=1.75, Best Distance=963
Temp=1.74, Best Distance=963
Temp=1.73, Best Distance=963
Temp=1.72, Best Distance=963
Temp=1.71, Best Distance=963
Temp=1.70, Best Distance=963
Temp=1.69, Best Distance=963
Temp=1.69, Best Distance=963
Temp=1.68, Best Distance=963
Temp=1.67, Best Distance=963
Temp=1.66, Best Distance=963
Temp=1.65, Best Distance=963
Temp=1.64, Best Distance=963
Temp=1.64, Best Distance=963
Temp=1.63, Best Distance=963
Temp=1.62, Best Distance=963
Temp=1.61, Best Distance=963
 Invalid swap! Route [0, 6, 7, 9, 4, 13, 1, 12, 0] (Demand 146) or Route [0, 14, 8, 0] (Demand 4) exceeds capacity 77
Temp=1.61, Best Distance=963
Temp=1.60, Best Distance=963
Temp=1.59, Best Distance=963
Temp=1.59, Best Distance=963
Temp=1.58, Best Distance=963
Temp=1.57, Best Distance=963
Temp=1.56, Best Distance=963
Temp=1.56, Best Distance=963
Temp=1.55, Best Distance=963
Temp=1.54, Best Distance=963
Temp=1.53, Best Distance=963
 Invalid swap! Route [0, 1, 8, 0] (Demand 18) or Route [0, 6, 7, 9, 4, 13, 14, 12, 0] (Demand 132) exceeds capacity 77
Temp=1.53, Best Distance=963
 Invalid swap! Route [0, 6, 7, 9, 4, 8, 14, 12, 0] (Demand 114) or Route [0, 1, 13, 0] (Demand 36) exceeds capacity 77
Temp=1.53, Best Distance=963
Temp=1.52, Best Distance=963
Temp=1.52, Best Distance=963
Temp=1.51, Best Distance=963
Temp=1.50, Best Distance=963
 Invalid swap! Route [0, 9, 11, 0] (Demand 38) or Route [0, 6, 7, 13, 4, 8, 14, 12, 0] (Demand 121) exceeds capacity 77
Temp=1.50, Best Distance=963
Temp=1.49, Best Distance=963
Temp=1.49, Best Distance=963
Temp=1.48, Best Distance=963
Temp=1.47, Best Distance=963
Temp=1.46, Best Distance=963
Temp=1.46, Best Distance=963
Temp=1.45, Best Distance=963
Temp=1.44, Best Distance=963
 Invalid swap! Route [0, 2, 11, 8, 0] (Demand 53) or Route [0, 6, 7, 13, 4, 9, 14, 12, 0] (Demand 132) exceeds capacity 77
Temp=1.44, Best Distance=963
Temp=1.44, Best Distance=963
Temp=1.43, Best Distance=963
Temp=1.42, Best Distance=963
Temp=1.41, Best Distance=963
Temp=1.41, Best Distance=963
Temp=1.40, Best Distance=963
Temp=1.39, Best Distance=963
Temp=1.39, Best Distance=963
Temp=1.38, Best Distance=963
Temp=1.37, Best Distance=963
Temp=1.37, Best Distance=963
Temp=1.36, Best Distance=963
Temp=1.35, Best Distance=963
Temp=1.34, Best Distance=963
Temp=1.34, Best Distance=963
Temp=1.33, Best Distance=963
Temp=1.32, Best Distance=963
 Invalid swap! Route [0, 15, 7, 0] (Demand 16) or Route [0, 6, 1, 13, 4, 9, 14, 12, 0] (Demand 145) exceeds capacity 77
Temp=1.32, Best Distance=963
Temp=1.32, Best Distance=963
Temp=1.31, Best Distance=963
Temp=1.30, Best Distance=963
Temp=1.30, Best Distance=963
Temp=1.29, Best Distance=963
Temp=1.29, Best Distance=963
Temp=1.28, Best Distance=963
Temp=1.27, Best Distance=963
 Invalid swap! Route [0, 6, 7, 0] (Demand 39) or Route [0, 15, 1, 13, 4, 9, 14, 12, 0] (Demand 122) exceeds capacity 77
Temp=1.27, Best Distance=963
Temp=1.27, Best Distance=963
Temp=1.26, Best Distance=963
Temp=1.25, Best Distance=963
Temp=1.25, Best Distance=963
Temp=1.24, Best Distance=963
Temp=1.23, Best Distance=963
Temp=1.23, Best Distance=963
Temp=1.22, Best Distance=963
Temp=1.22, Best Distance=963
Temp=1.21, Best Distance=963
 Invalid swap! Route [0, 7, 1, 13, 4, 9, 14, 12, 0] (Demand 110) or Route [0, 6, 15, 0] (Demand 51) exceeds capacity 77
Temp=1.21, Best Distance=963
Temp=1.20, Best Distance=963
Temp=1.20, Best Distance=963
Temp=1.19, Best Distance=963
Temp=1.19, Best Distance=963
Temp=1.18, Best Distance=963
 Invalid swap! Route [0, 2, 1, 8, 0] (Demand 44) or Route [0, 7, 11, 13, 4, 9, 14, 12, 0] (Demand 119) exceeds capacity 77
Temp=1.18, Best Distance=963
Temp=1.17, Best Distance=963
Temp=1.17, Best Distance=963
Temp=1.16, Best Distance=963
Temp=1.16, Best Distance=963
Temp=1.15, Best Distance=963
Temp=1.15, Best Distance=963
Temp=1.14, Best Distance=963
Temp=1.13, Best Distance=963
Temp=1.13, Best Distance=963
Temp=1.12, Best Distance=963
Temp=1.12, Best Distance=963
Temp=1.11, Best Distance=963
Temp=1.11, Best Distance=963
Temp=1.10, Best Distance=963
Temp=1.09, Best Distance=963
Temp=1.09, Best Distance=963
Temp=1.08, Best Distance=963
Temp=1.08, Best Distance=963
Temp=1.07, Best Distance=963
Temp=1.07, Best Distance=963
Temp=1.06, Best Distance=963
Temp=1.06, Best Distance=963
Temp=1.05, Best Distance=963
Temp=1.05, Best Distance=963
Temp=1.04, Best Distance=963
Temp=1.04, Best Distance=963
Temp=1.03, Best Distance=963
Temp=1.03, Best Distance=963
Temp=1.02, Best Distance=963
Temp=1.02, Best Distance=963
Temp=1.01, Best Distance=963
Temp=1.01, Best Distance=963
Temp=1.00, Best Distance=963
Simulated Annealing Completed!
 Final Routes (Simulated Annealing): [[0, 7, 11, 13, 4, 9, 14, 12, 0], [0, 2, 6, 8, 0], [0, 1, 15, 0], [0, 3, 0], [0, 17, 0], [0, 5, 0], [0, 10, 0], [0, 16, 0]]
Rebalancing Routes
 Route [0, 7, 11, 13, 4, 9, 14, 12, 0] exceeds capacity 77 (Demand: 119). Splitting...
 Balanced Routes: [[0, 7, 11, 13, 0], [0, 4, 9, 14, 12, 0], [0, 2, 6, 8, 0], [0, 1, 15, 0], [0, 3, 0], [0, 17, 0], [0, 5, 0], [0, 10, 0], [0, 16, 0]]
 routes Generated: [[0, 7, 11, 13, 0], [0, 4, 9, 14, 12, 0], [0, 2, 6, 8, 0], [0, 1, 15, 0], [0, 3, 0], [0, 17, 0], [0, 5, 0], [0, 10, 0], [0, 16, 0]]
solution is valid
0 7 11 13 0
0 4 9 14 12 0
0 2 6 8 0
0 1 15 0
0 3 0
0 17 0
0 5 0
0 10 0
0 16 0
